2025-12-06 02:20:09,357 - utils - WARNING - No se pudo configurar locale, usando formato por defecto
2025-12-06 02:20:09,358 - auth_system - INFO - Cargados 0 usuarios autorizados desde users.json
2025-12-06 02:20:09,379 - auth_system - INFO - Cargados 0 usuarios autorizados desde users.json
2025-12-06 02:20:09,380 - auth_system - INFO - Grupos hardcodeados agregados: [-1003349066708]
2025-12-06 02:20:09,380 - auth_system - INFO - Cargados 1 grupos adicionales desde groups.json. Total: 1 grupos
2025-12-06 02:20:09,380 - auth_system - INFO - Cargado gratis_mode=True desde settings.json
2025-12-06 02:20:09,380 - auth_system - INFO - Usuarios autorizados guardados en users.json
2025-12-06 02:20:09,381 - auth_system - INFO - Grupos autorizados guardados en groups.json
2025-12-06 02:20:09,381 - auth_system - INFO - Configuraciones guardadas en settings.json
2025-12-06 02:20:09,383 - auth_system - INFO - Usuarios autorizados guardados en users.json
2025-12-06 02:20:09,383 - auth_system - INFO - Grupos autorizados guardados en groups.json
2025-12-06 02:20:09,384 - auth_system - INFO - Configuraciones guardadas en settings.json
2025-12-06 02:20:09,384 - auth_system - INFO - Grupo -1003349066708 agregado a lista permitida
2025-12-06 02:20:09,384 - auth_system - INFO - Grupos hardcodeados agregados: [-1003349066708]
2025-12-06 02:20:09,384 - auth_system - INFO - Cargados 1 grupos adicionales desde groups.json. Total: 1 grupos
2025-12-06 02:20:09,384 - auth_system - INFO - Cargado gratis_mode=True desde settings.json
2025-12-06 02:20:09,384 - auth_system - INFO - Usuarios autorizados guardados en users.json
2025-12-06 02:20:09,384 - auth_system - INFO - Grupos autorizados guardados en groups.json
2025-12-06 02:20:09,384 - auth_system - INFO - Configuraciones guardadas en settings.json
2025-12-06 02:20:09,386 - auth_system - INFO - Usuarios autorizados guardados en users.json
2025-12-06 02:20:09,386 - auth_system - INFO - Grupos autorizados guardados en groups.json
2025-12-06 02:20:09,386 - auth_system - INFO - Configuraciones guardadas en settings.json
2025-12-06 02:20:09,386 - auth_system - INFO - Grupo -1003349066708 agregado a lista permitida
2025-12-06 02:20:09,386 - __main__ - INFO - Inicializando la aplicación del bot...
2025-12-06 02:20:09,507 - __main__ - INFO - Iniciando el polling del bot...
2025-12-06 02:20:10,062 - httpx - INFO - HTTP Request: POST https://api.telegram.org/bot8226423828:AAHdN5vyMsVNjuzu0qe-H67UvT54W_ZIAS4/getMe "HTTP/1.1 200 OK"
2025-12-06 02:20:10,215 - httpx - INFO - HTTP Request: POST https://api.telegram.org/bot8226423828:AAHdN5vyMsVNjuzu0qe-H67UvT54W_ZIAS4/deleteWebhook "HTTP/1.1 200 OK"
2025-12-06 02:20:10,217 - telegram.ext.Application - INFO - Application started
2025-12-06 02:20:20,712 - httpx - INFO - HTTP Request: POST https://api.telegram.org/bot8226423828:AAHdN5vyMsVNjuzu0qe-H67UvT54W_ZIAS4/getUpdates "HTTP/1.1 200 OK"
2025-12-06 02:20:30,915 - httpx - INFO - HTTP Request: POST https://api.telegram.org/bot8226423828:AAHdN5vyMsVNjuzu0qe-H67UvT54W_ZIAS4/getUpdates "HTTP/1.1 200 OK"
2025-12-06 02:20:41,276 - httpx - INFO - HTTP Request: POST https://api.telegram.org/bot8226423828:AAHdN5vyMsVNjuzu0qe-H67UvT54W_ZIAS4/getUpdates "HTTP/1.1 200 OK"
2025-12-06 02:20:51,627 - httpx - INFO - HTTP Request: POST https://api.telegram.org/bot8226423828:AAHdN5vyMsVNjuzu0qe-H67UvT54W_ZIAS4/getUpdates "HTTP/1.1 200 OK"
2025-12-06 02:21:01,801 - httpx - INFO - HTTP Request: POST https://api.telegram.org/bot8226423828:AAHdN5vyMsVNjuzu0qe-H67UvT54W_ZIAS4/getUpdates "HTTP/1.1 200 OK"
2025-12-06 02:21:12,041 - httpx - INFO - HTTP Request: POST https://api.telegram.org/bot8226423828:AAHdN5vyMsVNjuzu0qe-H67UvT54W_ZIAS4/getUpdates "HTTP/1.1 200 OK"
2025-12-06 02:21:22,207 - httpx - INFO - HTTP Request: POST https://api.telegram.org/bot8226423828:AAHdN5vyMsVNjuzu0qe-H67UvT54W_ZIAS4/getUpdates "HTTP/1.1 200 OK"
2025-12-06 02:21:24,737 - httpx - INFO - HTTP Request: POST https://api.telegram.org/bot8226423828:AAHdN5vyMsVNjuzu0qe-H67UvT54W_ZIAS4/getUpdates "HTTP/1.1 200 OK"
2025-12-06 02:21:25,787 - httpx - INFO - HTTP Request: POST https://api.telegram.org/bot8226423828:AAHdN5vyMsVNjuzu0qe-H67UvT54W_ZIAS4/sendMessage "HTTP/1.1 200 OK"
2025-12-06 02:21:27,906 - httpx - INFO - HTTP Request: POST https://api.telegram.org/bot8226423828:AAHdN5vyMsVNjuzu0qe-H67UvT54W_ZIAS4/getUpdates "HTTP/1.1 200 OK"
2025-12-06 02:21:27,908 - auth_system - INFO - Verificando acceso para user_id: 8058901135, chat_id: 8058901135, is_private: True
2025-12-06 02:21:27,908 - auth_system - INFO - Verificando si user_id 8058901135 es admin: True
2025-12-06 02:21:27,908 - auth_system - INFO - Acceso permitido para user_id 8058901135 porque es administrador
2025-12-06 02:21:28,252 - httpx - INFO - HTTP Request: POST https://api.telegram.org/bot8226423828:AAHdN5vyMsVNjuzu0qe-H67UvT54W_ZIAS4/sendMessage "HTTP/1.1 200 OK"
2025-12-06 02:21:29,344 - httpx - INFO - HTTP Request: POST https://api.telegram.org/bot8226423828:AAHdN5vyMsVNjuzu0qe-H67UvT54W_ZIAS4/getUpdates "HTTP/1.1 200 OK"
2025-12-06 02:21:29,346 - auth_system - INFO - Verificando acceso para user_id: 8058901135, chat_id: 8058901135, is_private: True
2025-12-06 02:21:29,346 - auth_system - INFO - Verificando si user_id 8058901135 es admin: True
2025-12-06 02:21:29,346 - auth_system - INFO - Acceso permitido para user_id 8058901135 porque es administrador
2025-12-06 02:21:29,509 - httpx - INFO - HTTP Request: POST https://api.telegram.org/bot8226423828:AAHdN5vyMsVNjuzu0qe-H67UvT54W_ZIAS4/getChatMember "HTTP/1.1 200 OK"
2025-12-06 02:21:29,807 - httpx - INFO - HTTP Request: POST https://api.telegram.org/bot8226423828:AAHdN5vyMsVNjuzu0qe-H67UvT54W_ZIAS4/sendMessage "HTTP/1.1 200 OK"
2025-12-06 02:21:33,951 - httpx - INFO - HTTP Request: POST https://api.telegram.org/bot8226423828:AAHdN5vyMsVNjuzu0qe-H67UvT54W_ZIAS4/getUpdates "HTTP/1.1 200 OK"
2025-12-06 02:21:33,952 - auth_system - INFO - Verificando acceso para user_id: 8058901135, chat_id: 8058901135, is_private: True
2025-12-06 02:21:33,952 - auth_system - INFO - Verificando si user_id 8058901135 es admin: True
2025-12-06 02:21:33,953 - auth_system - INFO - Acceso permitido para user_id 8058901135 porque es administrador
2025-12-06 02:21:34,116 - httpx - INFO - HTTP Request: POST https://api.telegram.org/bot8226423828:AAHdN5vyMsVNjuzu0qe-H67UvT54W_ZIAS4/getChatMember "HTTP/1.1 200 OK"
2025-12-06 02:21:34,613 - httpx - INFO - HTTP Request: POST https://api.telegram.org/bot8226423828:AAHdN5vyMsVNjuzu0qe-H67UvT54W_ZIAS4/sendMessage "HTTP/1.1 200 OK"
2025-12-06 02:21:42,683 - httpx - INFO - HTTP Request: POST https://api.telegram.org/bot8226423828:AAHdN5vyMsVNjuzu0qe-H67UvT54W_ZIAS4/getUpdates "HTTP/1.1 200 OK"
2025-12-06 02:21:42,685 - auth_system - INFO - Verificando acceso para user_id: 8058901135, chat_id: 8058901135, is_private: True
2025-12-06 02:21:42,685 - auth_system - INFO - Verificando si user_id 8058901135 es admin: True
2025-12-06 02:21:42,685 - auth_system - INFO - Acceso permitido para user_id 8058901135 porque es administrador
2025-12-06 02:21:43,306 - httpx - INFO - HTTP Request: POST https://api.telegram.org/bot8226423828:AAHdN5vyMsVNjuzu0qe-H67UvT54W_ZIAS4/getChatMember "HTTP/1.1 200 OK"
2025-12-06 02:21:43,599 - httpx - INFO - HTTP Request: POST https://api.telegram.org/bot8226423828:AAHdN5vyMsVNjuzu0qe-H67UvT54W_ZIAS4/sendMessage "HTTP/1.1 200 OK"
2025-12-06 02:21:44,613 - httpx - INFO - HTTP Request: POST https://api.telegram.org/bot8226423828:AAHdN5vyMsVNjuzu0qe-H67UvT54W_ZIAS4/getUpdates "HTTP/1.1 200 OK"
2025-12-06 02:21:44,614 - auth_system - INFO - Verificando acceso para user_id: 8058901135, chat_id: 8058901135, is_private: True
2025-12-06 02:21:44,614 - auth_system - INFO - Verificando si user_id 8058901135 es admin: True
2025-12-06 02:21:44,614 - auth_system - INFO - Acceso permitido para user_id 8058901135 porque es administrador
2025-12-06 02:21:44,780 - httpx - INFO - HTTP Request: POST https://api.telegram.org/bot8226423828:AAHdN5vyMsVNjuzu0qe-H67UvT54W_ZIAS4/getChatMember "HTTP/1.1 200 OK"
2025-12-06 02:21:45,074 - httpx - INFO - HTTP Request: POST https://api.telegram.org/bot8226423828:AAHdN5vyMsVNjuzu0qe-H67UvT54W_ZIAS4/sendMessage "HTTP/1.1 200 OK"
2025-12-06 02:21:50,734 - httpx - INFO - HTTP Request: POST https://api.telegram.org/bot8226423828:AAHdN5vyMsVNjuzu0qe-H67UvT54W_ZIAS4/getUpdates "HTTP/1.1 200 OK"
2025-12-06 02:21:50,735 - auth_system - INFO - Verificando acceso para user_id: 8058901135, chat_id: 8058901135, is_private: True
2025-12-06 02:21:50,735 - auth_system - INFO - Verificando si user_id 8058901135 es admin: True
2025-12-06 02:21:50,735 - auth_system - INFO - Acceso permitido para user_id 8058901135 porque es administrador
2025-12-06 02:21:51,244 - httpx - INFO - HTTP Request: POST https://api.telegram.org/bot8226423828:AAHdN5vyMsVNjuzu0qe-H67UvT54W_ZIAS4/getChatMember "HTTP/1.1 200 OK"
2025-12-06 02:21:51,317 - utils - INFO - [DEBUG] fecha completa → 06 de diciembre de 2025 a las 12:00 a.m.
2025-12-06 02:21:51,317 - utils - INFO - [DEBUG] longitud → 40
2025-12-06 02:21:51,327 - utils - INFO - [DEBUG] Dibujando campo telefono: '312 697 4400' en posición (51, 745) con color #200021
2025-12-06 02:21:51,336 - utils - INFO - [DEBUG] Dibujando campo nombre: 'Ricardo Bentacur' en posición (51, 580) con color #200021
2025-12-06 02:21:51,347 - utils - INFO - [DEBUG] Dibujando campo valor1: '$ 60.000,00' en posición (51, 665) con color #200021
2025-12-06 02:21:51,354 - utils - INFO - [DEBUG] Dibujando campo fecha: '06 de diciembre de 2025 a las 12:00 a.m.' en posición (51, 830) con color #200021
2025-12-06 02:21:51,378 - utils - INFO - [DEBUG] Dibujando campo referencia: 'M93278664' en posición (51, 915) con color #200021
2025-12-06 02:21:51,386 - utils - INFO - [DEBUG] Dibujando campo disponible: 'Disponible' en posición (51, 995) con color #200021
2025-12-06 02:21:56,225 - httpx - INFO - HTTP Request: POST https://api.telegram.org/bot8226423828:AAHdN5vyMsVNjuzu0qe-H67UvT54W_ZIAS4/sendDocument "HTTP/1.1 200 OK"
2025-12-06 02:21:57,778 - httpx - INFO - HTTP Request: POST https://api.telegram.org/bot8226423828:AAHdN5vyMsVNjuzu0qe-H67UvT54W_ZIAS4/sendDocument "HTTP/1.1 200 OK"
2025-12-06 02:22:00,892 - httpx - INFO - HTTP Request: POST https://api.telegram.org/bot8226423828:AAHdN5vyMsVNjuzu0qe-H67UvT54W_ZIAS4/getUpdates "HTTP/1.1 200 OK"
2025-12-06 02:22:11,068 - httpx - INFO - HTTP Request: POST https://api.telegram.org/bot8226423828:AAHdN5vyMsVNjuzu0qe-H67UvT54W_ZIAS4/getUpdates "HTTP/1.1 200 OK"
2025-12-06 02:22:20,395 - httpx - INFO - HTTP Request: POST https://api.telegram.org/bot8226423828:AAHdN5vyMsVNjuzu0qe-H67UvT54W_ZIAS4/getUpdates "HTTP/1.1 200 OK"
2025-12-06 02:22:20,401 - auth_system - INFO - Verificando acceso para user_id: 8058901135, chat_id: 8058901135, is_private: True
2025-12-06 02:22:20,401 - auth_system - INFO - Verificando si user_id 8058901135 es admin: True
2025-12-06 02:22:20,402 - auth_system - INFO - Acceso permitido para user_id 8058901135 porque es administrador
2025-12-06 02:22:21,053 - httpx - INFO - HTTP Request: POST https://api.telegram.org/bot8226423828:AAHdN5vyMsVNjuzu0qe-H67UvT54W_ZIAS4/sendMessage "HTTP/1.1 200 OK"
2025-12-06 02:22:23,307 - httpx - INFO - HTTP Request: POST https://api.telegram.org/bot8226423828:AAHdN5vyMsVNjuzu0qe-H67UvT54W_ZIAS4/getUpdates "HTTP/1.1 200 OK"
2025-12-06 02:22:23,308 - auth_system - INFO - Verificando acceso para user_id: 8058901135, chat_id: 8058901135, is_private: True
2025-12-06 02:22:23,308 - auth_system - INFO - Verificando si user_id 8058901135 es admin: True
2025-12-06 02:22:23,308 - auth_system - INFO - Acceso permitido para user_id 8058901135 porque es administrador
2025-12-06 02:22:23,486 - httpx - INFO - HTTP Request: POST https://api.telegram.org/bot8226423828:AAHdN5vyMsVNjuzu0qe-H67UvT54W_ZIAS4/getChatMember "HTTP/1.1 200 OK"
2025-12-06 02:22:23,774 - httpx - INFO - HTTP Request: POST https://api.telegram.org/bot8226423828:AAHdN5vyMsVNjuzu0qe-H67UvT54W_ZIAS4/sendMessage "HTTP/1.1 200 OK"
2025-12-06 02:22:27,124 - httpx - INFO - HTTP Request: POST https://api.telegram.org/bot8226423828:AAHdN5vyMsVNjuzu0qe-H67UvT54W_ZIAS4/getUpdates "HTTP/1.1 200 OK"
2025-12-06 02:22:27,125 - auth_system - INFO - Verificando acceso para user_id: 8058901135, chat_id: 8058901135, is_private: True
2025-12-06 02:22:27,125 - auth_system - INFO - Verificando si user_id 8058901135 es admin: True
2025-12-06 02:22:27,125 - auth_system - INFO - Acceso permitido para user_id 8058901135 porque es administrador
2025-12-06 02:22:27,275 - httpx - INFO - HTTP Request: POST https://api.telegram.org/bot8226423828:AAHdN5vyMsVNjuzu0qe-H67UvT54W_ZIAS4/getChatMember "HTTP/1.1 200 OK"
2025-12-06 02:22:27,578 - httpx - INFO - HTTP Request: POST https://api.telegram.org/bot8226423828:AAHdN5vyMsVNjuzu0qe-H67UvT54W_ZIAS4/sendMessage "HTTP/1.1 200 OK"
2025-12-06 02:22:29,420 - httpx - INFO - HTTP Request: POST https://api.telegram.org/bot8226423828:AAHdN5vyMsVNjuzu0qe-H67UvT54W_ZIAS4/getUpdates "HTTP/1.1 200 OK"
2025-12-06 02:22:29,420 - auth_system - INFO - Verificando acceso para user_id: 8058901135, chat_id: 8058901135, is_private: True
2025-12-06 02:22:29,420 - auth_system - INFO - Verificando si user_id 8058901135 es admin: True
2025-12-06 02:22:29,420 - auth_system - INFO - Acceso permitido para user_id 8058901135 porque es administrador
2025-12-06 02:22:29,583 - httpx - INFO - HTTP Request: POST https://api.telegram.org/bot8226423828:AAHdN5vyMsVNjuzu0qe-H67UvT54W_ZIAS4/getChatMember "HTTP/1.1 200 OK"
2025-12-06 02:22:29,865 - httpx - INFO - HTTP Request: POST https://api.telegram.org/bot8226423828:AAHdN5vyMsVNjuzu0qe-H67UvT54W_ZIAS4/sendMessage "HTTP/1.1 200 OK"
2025-12-06 02:22:32,080 - httpx - INFO - HTTP Request: POST https://api.telegram.org/bot8226423828:AAHdN5vyMsVNjuzu0qe-H67UvT54W_ZIAS4/getUpdates "HTTP/1.1 200 OK"
2025-12-06 02:22:32,081 - auth_system - INFO - Verificando acceso para user_id: 8058901135, chat_id: 8058901135, is_private: True
2025-12-06 02:22:32,082 - auth_system - INFO - Verificando si user_id 8058901135 es admin: True
2025-12-06 02:22:32,082 - auth_system - INFO - Acceso permitido para user_id 8058901135 porque es administrador
2025-12-06 02:22:32,236 - httpx - INFO - HTTP Request: POST https://api.telegram.org/bot8226423828:AAHdN5vyMsVNjuzu0qe-H67UvT54W_ZIAS4/getChatMember "HTTP/1.1 200 OK"
2025-12-06 02:22:32,533 - httpx - INFO - HTTP Request: POST https://api.telegram.org/bot8226423828:AAHdN5vyMsVNjuzu0qe-H67UvT54W_ZIAS4/sendMessage "HTTP/1.1 200 OK"
2025-12-06 02:22:37,299 - httpx - INFO - HTTP Request: POST https://api.telegram.org/bot8226423828:AAHdN5vyMsVNjuzu0qe-H67UvT54W_ZIAS4/getUpdates "HTTP/1.1 200 OK"
2025-12-06 02:22:37,300 - auth_system - INFO - Verificando acceso para user_id: 8058901135, chat_id: 8058901135, is_private: True
2025-12-06 02:22:37,301 - auth_system - INFO - Verificando si user_id 8058901135 es admin: True
2025-12-06 02:22:37,301 - auth_system - INFO - Acceso permitido para user_id 8058901135 porque es administrador
2025-12-06 02:22:37,454 - httpx - INFO - HTTP Request: POST https://api.telegram.org/bot8226423828:AAHdN5vyMsVNjuzu0qe-H67UvT54W_ZIAS4/getChatMember "HTTP/1.1 200 OK"
2025-12-06 02:22:37,737 - httpx - INFO - HTTP Request: POST https://api.telegram.org/bot8226423828:AAHdN5vyMsVNjuzu0qe-H67UvT54W_ZIAS4/sendMessage "HTTP/1.1 200 OK"
2025-12-06 02:22:39,685 - httpx - INFO - HTTP Request: POST https://api.telegram.org/bot8226423828:AAHdN5vyMsVNjuzu0qe-H67UvT54W_ZIAS4/getUpdates "HTTP/1.1 200 OK"
2025-12-06 02:22:39,686 - auth_system - INFO - Verificando acceso para user_id: 8058901135, chat_id: 8058901135, is_private: True
2025-12-06 02:22:39,686 - auth_system - INFO - Verificando si user_id 8058901135 es admin: True
2025-12-06 02:22:39,686 - auth_system - INFO - Acceso permitido para user_id 8058901135 porque es administrador
2025-12-06 02:22:39,836 - httpx - INFO - HTTP Request: POST https://api.telegram.org/bot8226423828:AAHdN5vyMsVNjuzu0qe-H67UvT54W_ZIAS4/getChatMember "HTTP/1.1 200 OK"
2025-12-06 02:22:40,188 - httpx - INFO - HTTP Request: POST https://api.telegram.org/bot8226423828:AAHdN5vyMsVNjuzu0qe-H67UvT54W_ZIAS4/sendMessage "HTTP/1.1 200 OK"
2025-12-06 02:22:47,013 - httpx - INFO - HTTP Request: POST https://api.telegram.org/bot8226423828:AAHdN5vyMsVNjuzu0qe-H67UvT54W_ZIAS4/getUpdates "HTTP/1.1 200 OK"
2025-12-06 02:22:47,014 - auth_system - INFO - Verificando acceso para user_id: 8058901135, chat_id: 8058901135, is_private: True
2025-12-06 02:22:47,014 - auth_system - INFO - Verificando si user_id 8058901135 es admin: True
2025-12-06 02:22:47,014 - auth_system - INFO - Acceso permitido para user_id 8058901135 porque es administrador
2025-12-06 02:22:47,684 - httpx - INFO - HTTP Request: POST https://api.telegram.org/bot8226423828:AAHdN5vyMsVNjuzu0qe-H67UvT54W_ZIAS4/getChatMember "HTTP/1.1 200 OK"
2025-12-06 02:22:47,710 - utils - INFO - [DEBUG] fecha completa → 06 de diciembre de 2025 a las 12:00 a.m.
2025-12-06 02:22:47,710 - utils - INFO - [DEBUG] longitud → 40
2025-12-06 02:22:47,712 - utils - INFO - [DEBUG] Dibujando campo nombre: 'Loc******' en posición (44, 560) con color #2e2b33
2025-12-06 02:22:47,717 - utils - INFO - [DEBUG] Dibujando campo llave: '@localit' en posición (44, 635) con color #2e2b33
2025-12-06 02:22:47,721 - utils - INFO - [DEBUG] Dibujando campo banco_destino: 'Nequi' en posición (45, 705) con color #2e2b33
2025-12-06 02:22:47,723 - utils - INFO - [DEBUG] Dibujando campo numero_envio: '312 694 8700' en posición (45, 1000) con color #2e2b33
2025-12-06 02:22:47,729 - utils - INFO - [DEBUG] Dibujando campo valor1: '$ 50.000,00' en posición (45, 855) con color #2e2b33
2025-12-06 02:22:47,733 - utils - INFO - [DEBUG] Dibujando campo fecha: '06 de diciembre de 2025 a las 12:00 a.m.' en posición (45, 780) con color #2e2b33
2025-12-06 02:22:47,748 - utils - INFO - [DEBUG] Dibujando campo referencia: 'M89476185' en posición (45, 925) con color #2e2b33
2025-12-06 02:22:47,753 - utils - INFO - [DEBUG] Dibujando campo disponible: 'Disponible' en posición (45, 1070) con color #2e2b33
2025-12-06 02:22:51,387 - httpx - INFO - HTTP Request: POST https://api.telegram.org/bot8226423828:AAHdN5vyMsVNjuzu0qe-H67UvT54W_ZIAS4/sendDocument "HTTP/1.1 200 OK"
2025-12-06 02:22:52,985 - httpx - INFO - HTTP Request: POST https://api.telegram.org/bot8226423828:AAHdN5vyMsVNjuzu0qe-H67UvT54W_ZIAS4/sendDocument "HTTP/1.1 200 OK"
2025-12-06 02:22:57,169 - httpx - INFO - HTTP Request: POST https://api.telegram.org/bot8226423828:AAHdN5vyMsVNjuzu0qe-H67UvT54W_ZIAS4/getUpdates "HTTP/1.1 200 OK"
2025-12-06 02:23:00,771 - httpx - INFO - HTTP Request: POST https://api.telegram.org/bot8226423828:AAHdN5vyMsVNjuzu0qe-H67UvT54W_ZIAS4/getUpdates "HTTP/1.1 200 OK"
2025-12-06 02:23:00,772 - auth_system - INFO - Verificando acceso para user_id: 8058901135, chat_id: 8058901135, is_private: True
2025-12-06 02:23:00,772 - auth_system - INFO - Verificando si user_id 8058901135 es admin: True
2025-12-06 02:23:00,772 - auth_system - INFO - Acceso permitido para user_id 8058901135 porque es administrador
2025-12-06 02:23:01,600 - httpx - INFO - HTTP Request: POST https://api.telegram.org/bot8226423828:AAHdN5vyMsVNjuzu0qe-H67UvT54W_ZIAS4/sendMessage "HTTP/1.1 200 OK"
2025-12-06 02:23:05,098 - httpx - INFO - HTTP Request: POST https://api.telegram.org/bot8226423828:AAHdN5vyMsVNjuzu0qe-H67UvT54W_ZIAS4/getUpdates "HTTP/1.1 200 OK"
2025-12-06 02:23:05,099 - auth_system - INFO - Verificando acceso para user_id: 8058901135, chat_id: 8058901135, is_private: True
2025-12-06 02:23:05,099 - auth_system - INFO - Verificando si user_id 8058901135 es admin: True
2025-12-06 02:23:05,099 - auth_system - INFO - Acceso permitido para user_id 8058901135 porque es administrador
2025-12-06 02:23:05,311 - httpx - INFO - HTTP Request: POST https://api.telegram.org/bot8226423828:AAHdN5vyMsVNjuzu0qe-H67UvT54W_ZIAS4/getChatMember "HTTP/1.1 200 OK"
2025-12-06 02:23:05,701 - httpx - INFO - HTTP Request: POST https://api.telegram.org/bot8226423828:AAHdN5vyMsVNjuzu0qe-H67UvT54W_ZIAS4/sendMessage "HTTP/1.1 200 OK"
2025-12-06 02:23:09,783 - httpx - INFO - HTTP Request: POST https://api.telegram.org/bot8226423828:AAHdN5vyMsVNjuzu0qe-H67UvT54W_ZIAS4/getUpdates "HTTP/1.1 200 OK"
2025-12-06 02:23:09,784 - auth_system - INFO - Verificando acceso para user_id: 8058901135, chat_id: 8058901135, is_private: True
2025-12-06 02:23:09,784 - auth_system - INFO - Verificando si user_id 8058901135 es admin: True
2025-12-06 02:23:09,784 - auth_system - INFO - Acceso permitido para user_id 8058901135 porque es administrador
2025-12-06 02:23:09,937 - httpx - INFO - HTTP Request: POST https://api.telegram.org/bot8226423828:AAHdN5vyMsVNjuzu0qe-H67UvT54W_ZIAS4/getChatMember "HTTP/1.1 200 OK"
2025-12-06 02:23:10,276 - httpx - INFO - HTTP Request: POST https://api.telegram.org/bot8226423828:AAHdN5vyMsVNjuzu0qe-H67UvT54W_ZIAS4/sendMessage "HTTP/1.1 200 OK"
2025-12-06 02:23:12,045 - httpx - INFO - HTTP Request: POST https://api.telegram.org/bot8226423828:AAHdN5vyMsVNjuzu0qe-H67UvT54W_ZIAS4/getUpdates "HTTP/1.1 200 OK"
2025-12-06 02:23:12,046 - auth_system - INFO - Verificando acceso para user_id: 8058901135, chat_id: 8058901135, is_private: True
2025-12-06 02:23:12,046 - auth_system - INFO - Verificando si user_id 8058901135 es admin: True
2025-12-06 02:23:12,046 - auth_system - INFO - Acceso permitido para user_id 8058901135 porque es administrador
2025-12-06 02:23:12,205 - httpx - INFO - HTTP Request: POST https://api.telegram.org/bot8226423828:AAHdN5vyMsVNjuzu0qe-H67UvT54W_ZIAS4/getChatMember "HTTP/1.1 200 OK"
2025-12-06 02:23:12,224 - utils - INFO - Comprobante BC a Nequi generado: 3126948700 - $50,000
2025-12-06 02:23:13,422 - httpx - INFO - HTTP Request: POST https://api.telegram.org/bot8226423828:AAHdN5vyMsVNjuzu0qe-H67UvT54W_ZIAS4/sendDocument "HTTP/1.1 200 OK"
2025-12-06 02:23:13,433 - utils - INFO - Movimientos BC Nequi generados: Ahorros *8700 - COP -$50.000
2025-12-06 02:23:14,414 - httpx - INFO - HTTP Request: POST https://api.telegram.org/bot8226423828:AAHdN5vyMsVNjuzu0qe-H67UvT54W_ZIAS4/sendDocument "HTTP/1.1 200 OK"
2025-12-06 02:23:22,215 - httpx - INFO - HTTP Request: POST https://api.telegram.org/bot8226423828:AAHdN5vyMsVNjuzu0qe-H67UvT54W_ZIAS4/getUpdates "HTTP/1.1 200 OK"
2025-12-06 02:23:32,382 - httpx - INFO - HTTP Request: POST https://api.telegram.org/bot8226423828:AAHdN5vyMsVNjuzu0qe-H67UvT54W_ZIAS4/getUpdates "HTTP/1.1 200 OK"
2025-12-06 02:23:42,776 - httpx - INFO - HTTP Request: POST https://api.telegram.org/bot8226423828:AAHdN5vyMsVNjuzu0qe-H67UvT54W_ZIAS4/getUpdates "HTTP/1.1 200 OK"
2025-12-06 02:23:53,166 - httpx - INFO - HTTP Request: POST https://api.telegram.org/bot8226423828:AAHdN5vyMsVNjuzu0qe-H67UvT54W_ZIAS4/getUpdates "HTTP/1.1 200 OK"
2025-12-06 02:24:03,341 - httpx - INFO - HTTP Request: POST https://api.telegram.org/bot8226423828:AAHdN5vyMsVNjuzu0qe-H67UvT54W_ZIAS4/getUpdates "HTTP/1.1 200 OK"
2025-12-06 02:24:07,533 - httpx - INFO - HTTP Request: POST https://api.telegram.org/bot8226423828:AAHdN5vyMsVNjuzu0qe-H67UvT54W_ZIAS4/getUpdates "HTTP/1.1 200 OK"
2025-12-06 02:24:08,194 - httpx - INFO - HTTP Request: POST https://api.telegram.org/bot8226423828:AAHdN5vyMsVNjuzu0qe-H67UvT54W_ZIAS4/sendMessage "HTTP/1.1 200 OK"
2025-12-06 02:24:09,974 - httpx - INFO - HTTP Request: POST https://api.telegram.org/bot8226423828:AAHdN5vyMsVNjuzu0qe-H67UvT54W_ZIAS4/getUpdates "HTTP/1.1 200 OK"
2025-12-06 02:24:09,975 - auth_system - INFO - Verificando acceso para user_id: 8058901135, chat_id: 8058901135, is_private: True
2025-12-06 02:24:09,975 - auth_system - INFO - Verificando si user_id 8058901135 es admin: True
2025-12-06 02:24:09,975 - auth_system - INFO - Acceso permitido para user_id 8058901135 porque es administrador
2025-12-06 02:24:10,292 - httpx - INFO - HTTP Request: POST https://api.telegram.org/bot8226423828:AAHdN5vyMsVNjuzu0qe-H67UvT54W_ZIAS4/sendMessage "HTTP/1.1 200 OK"
2025-12-06 02:24:11,340 - httpx - INFO - HTTP Request: POST https://api.telegram.org/bot8226423828:AAHdN5vyMsVNjuzu0qe-H67UvT54W_ZIAS4/getUpdates "HTTP/1.1 200 OK"
2025-12-06 02:24:11,344 - auth_system - INFO - Verificando acceso para user_id: 8058901135, chat_id: 8058901135, is_private: True
2025-12-06 02:24:11,344 - auth_system - INFO - Verificando si user_id 8058901135 es admin: True
2025-12-06 02:24:11,344 - auth_system - INFO - Acceso permitido para user_id 8058901135 porque es administrador
2025-12-06 02:24:11,514 - httpx - INFO - HTTP Request: POST https://api.telegram.org/bot8226423828:AAHdN5vyMsVNjuzu0qe-H67UvT54W_ZIAS4/getChatMember "HTTP/1.1 200 OK"
2025-12-06 02:24:11,821 - httpx - INFO - HTTP Request: POST https://api.telegram.org/bot8226423828:AAHdN5vyMsVNjuzu0qe-H67UvT54W_ZIAS4/sendMessage "HTTP/1.1 200 OK"
2025-12-06 02:24:14,966 - httpx - INFO - HTTP Request: POST https://api.telegram.org/bot8226423828:AAHdN5vyMsVNjuzu0qe-H67UvT54W_ZIAS4/getUpdates "HTTP/1.1 200 OK"
2025-12-06 02:24:14,968 - auth_system - INFO - Verificando acceso para user_id: 8058901135, chat_id: 8058901135, is_private: True
2025-12-06 02:24:14,968 - auth_system - INFO - Verificando si user_id 8058901135 es admin: True
2025-12-06 02:24:14,968 - auth_system - INFO - Acceso permitido para user_id 8058901135 porque es administrador
2025-12-06 02:24:15,139 - httpx - INFO - HTTP Request: POST https://api.telegram.org/bot8226423828:AAHdN5vyMsVNjuzu0qe-H67UvT54W_ZIAS4/getChatMember "HTTP/1.1 200 OK"
2025-12-06 02:24:15,545 - httpx - INFO - HTTP Request: POST https://api.telegram.org/bot8226423828:AAHdN5vyMsVNjuzu0qe-H67UvT54W_ZIAS4/sendMessage "HTTP/1.1 200 OK"
2025-12-06 02:24:20,134 - httpx - INFO - HTTP Request: POST https://api.telegram.org/bot8226423828:AAHdN5vyMsVNjuzu0qe-H67UvT54W_ZIAS4/getUpdates "HTTP/1.1 200 OK"
2025-12-06 02:24:20,136 - auth_system - INFO - Verificando acceso para user_id: 8058901135, chat_id: 8058901135, is_private: True
2025-12-06 02:24:20,136 - auth_system - INFO - Verificando si user_id 8058901135 es admin: True
2025-12-06 02:24:20,136 - auth_system - INFO - Acceso permitido para user_id 8058901135 porque es administrador
2025-12-06 02:24:20,776 - httpx - INFO - HTTP Request: POST https://api.telegram.org/bot8226423828:AAHdN5vyMsVNjuzu0qe-H67UvT54W_ZIAS4/getChatMember "HTTP/1.1 200 OK"
2025-12-06 02:24:21,067 - httpx - INFO - HTTP Request: POST https://api.telegram.org/bot8226423828:AAHdN5vyMsVNjuzu0qe-H67UvT54W_ZIAS4/sendMessage "HTTP/1.1 200 OK"
2025-12-06 02:24:21,674 - httpx - INFO - HTTP Request: POST https://api.telegram.org/bot8226423828:AAHdN5vyMsVNjuzu0qe-H67UvT54W_ZIAS4/getUpdates "HTTP/1.1 200 OK"
2025-12-06 02:24:21,675 - auth_system - INFO - Verificando acceso para user_id: 8058901135, chat_id: 8058901135, is_private: True
2025-12-06 02:24:21,675 - auth_system - INFO - Verificando si user_id 8058901135 es admin: True
2025-12-06 02:24:21,675 - auth_system - INFO - Acceso permitido para user_id 8058901135 porque es administrador
2025-12-06 02:24:21,833 - httpx - INFO - HTTP Request: POST https://api.telegram.org/bot8226423828:AAHdN5vyMsVNjuzu0qe-H67UvT54W_ZIAS4/getChatMember "HTTP/1.1 200 OK"
2025-12-06 02:24:22,191 - httpx - INFO - HTTP Request: POST https://api.telegram.org/bot8226423828:AAHdN5vyMsVNjuzu0qe-H67UvT54W_ZIAS4/sendMessage "HTTP/1.1 200 OK"
2025-12-06 02:24:25,121 - httpx - INFO - HTTP Request: POST https://api.telegram.org/bot8226423828:AAHdN5vyMsVNjuzu0qe-H67UvT54W_ZIAS4/getUpdates "HTTP/1.1 200 OK"
2025-12-06 02:24:25,122 - auth_system - INFO - Verificando acceso para user_id: 8058901135, chat_id: 8058901135, is_private: True
2025-12-06 02:24:25,122 - auth_system - INFO - Verificando si user_id 8058901135 es admin: True
2025-12-06 02:24:25,122 - auth_system - INFO - Acceso permitido para user_id 8058901135 porque es administrador
2025-12-06 02:24:25,289 - httpx - INFO - HTTP Request: POST https://api.telegram.org/bot8226423828:AAHdN5vyMsVNjuzu0qe-H67UvT54W_ZIAS4/getChatMember "HTTP/1.1 200 OK"
2025-12-06 02:24:25,584 - httpx - INFO - HTTP Request: POST https://api.telegram.org/bot8226423828:AAHdN5vyMsVNjuzu0qe-H67UvT54W_ZIAS4/sendMessage "HTTP/1.1 200 OK"
2025-12-06 02:24:35,280 - httpx - INFO - HTTP Request: POST https://api.telegram.org/bot8226423828:AAHdN5vyMsVNjuzu0qe-H67UvT54W_ZIAS4/getUpdates "HTTP/1.1 200 OK"
2025-12-06 02:24:35,514 - httpx - INFO - HTTP Request: POST https://api.telegram.org/bot8226423828:AAHdN5vyMsVNjuzu0qe-H67UvT54W_ZIAS4/getUpdates "HTTP/1.1 200 OK"
2025-12-06 02:24:35,515 - auth_system - INFO - Verificando acceso para user_id: 8058901135, chat_id: 8058901135, is_private: True
2025-12-06 02:24:35,515 - auth_system - INFO - Verificando si user_id 8058901135 es admin: True
2025-12-06 02:24:35,515 - auth_system - INFO - Acceso permitido para user_id 8058901135 porque es administrador
2025-12-06 02:24:36,072 - httpx - INFO - HTTP Request: POST https://api.telegram.org/bot8226423828:AAHdN5vyMsVNjuzu0qe-H67UvT54W_ZIAS4/getChatMember "HTTP/1.1 200 OK"
2025-12-06 02:24:36,364 - httpx - INFO - HTTP Request: POST https://api.telegram.org/bot8226423828:AAHdN5vyMsVNjuzu0qe-H67UvT54W_ZIAS4/sendMessage "HTTP/1.1 200 OK"
2025-12-06 02:24:40,951 - httpx - INFO - HTTP Request: POST https://api.telegram.org/bot8226423828:AAHdN5vyMsVNjuzu0qe-H67UvT54W_ZIAS4/getUpdates "HTTP/1.1 200 OK"
2025-12-06 02:24:40,952 - auth_system - INFO - Verificando acceso para user_id: 8058901135, chat_id: 8058901135, is_private: True
2025-12-06 02:24:40,952 - auth_system - INFO - Verificando si user_id 8058901135 es admin: True
2025-12-06 02:24:40,952 - auth_system - INFO - Acceso permitido para user_id 8058901135 porque es administrador
2025-12-06 02:24:41,104 - httpx - INFO - HTTP Request: POST https://api.telegram.org/bot8226423828:AAHdN5vyMsVNjuzu0qe-H67UvT54W_ZIAS4/getChatMember "HTTP/1.1 200 OK"
2025-12-06 02:24:41,393 - httpx - INFO - HTTP Request: POST https://api.telegram.org/bot8226423828:AAHdN5vyMsVNjuzu0qe-H67UvT54W_ZIAS4/sendMessage "HTTP/1.1 200 OK"
2025-12-06 02:24:44,404 - httpx - INFO - HTTP Request: POST https://api.telegram.org/bot8226423828:AAHdN5vyMsVNjuzu0qe-H67UvT54W_ZIAS4/getUpdates "HTTP/1.1 200 OK"
2025-12-06 02:24:44,405 - auth_system - INFO - Verificando acceso para user_id: 8058901135, chat_id: 8058901135, is_private: True
2025-12-06 02:24:44,405 - auth_system - INFO - Verificando si user_id 8058901135 es admin: True
2025-12-06 02:24:44,405 - auth_system - INFO - Acceso permitido para user_id 8058901135 porque es administrador
2025-12-06 02:24:44,557 - httpx - INFO - HTTP Request: POST https://api.telegram.org/bot8226423828:AAHdN5vyMsVNjuzu0qe-H67UvT54W_ZIAS4/getChatMember "HTTP/1.1 200 OK"
2025-12-06 02:24:44,591 - utils - INFO - [DEBUG] fecha completa → 06 de diciembre de 2025 a las 12:00 a.m.
2025-12-06 02:24:44,591 - utils - INFO - [DEBUG] longitud → 40
2025-12-06 02:24:44,593 - utils - INFO - [DEBUG] Dibujando campo telefono: '312 694 8700' en posición (51, 745) con color #200021
2025-12-06 02:24:44,602 - utils - INFO - [DEBUG] Dibujando campo nombre: 'Miranda Flores' en posición (51, 580) con color #200021
2025-12-06 02:24:44,608 - utils - INFO - [DEBUG] Dibujando campo valor1: '$ 600.000,00' en posición (51, 665) con color #200021
2025-12-06 02:24:44,614 - utils - INFO - [DEBUG] Dibujando campo fecha: '06 de diciembre de 2025 a las 12:00 a.m.' en posición (51, 830) con color #200021
2025-12-06 02:24:44,631 - utils - INFO - [DEBUG] Dibujando campo referencia: 'M55555555' en posición (51, 915) con color #200021
2025-12-06 02:24:44,635 - utils - INFO - [DEBUG] Dibujando campo disponible: 'Disponible' en posición (51, 995) con color #200021
2025-12-06 02:24:49,015 - httpx - INFO - HTTP Request: POST https://api.telegram.org/bot8226423828:AAHdN5vyMsVNjuzu0qe-H67UvT54W_ZIAS4/sendDocument "HTTP/1.1 200 OK"
2025-12-06 02:24:50,921 - httpx - INFO - HTTP Request: POST https://api.telegram.org/bot8226423828:AAHdN5vyMsVNjuzu0qe-H67UvT54W_ZIAS4/sendDocument "HTTP/1.1 200 OK"
2025-12-06 02:24:54,665 - httpx - INFO - HTTP Request: POST https://api.telegram.org/bot8226423828:AAHdN5vyMsVNjuzu0qe-H67UvT54W_ZIAS4/getUpdates "HTTP/1.1 200 OK"
2025-12-06 02:25:04,823 - httpx - INFO - HTTP Request: POST https://api.telegram.org/bot8226423828:AAHdN5vyMsVNjuzu0qe-H67UvT54W_ZIAS4/getUpdates "HTTP/1.1 200 OK"
2025-12-06 02:25:15,037 - httpx - INFO - HTTP Request: POST https://api.telegram.org/bot8226423828:AAHdN5vyMsVNjuzu0qe-H67UvT54W_ZIAS4/getUpdates "HTTP/1.1 200 OK"
2025-12-06 02:25:25,228 - httpx - INFO - HTTP Request: POST https://api.telegram.org/bot8226423828:AAHdN5vyMsVNjuzu0qe-H67UvT54W_ZIAS4/getUpdates "HTTP/1.1 200 OK"
2025-12-06 02:25:35,606 - httpx - INFO - HTTP Request: POST https://api.telegram.org/bot8226423828:AAHdN5vyMsVNjuzu0qe-H67UvT54W_ZIAS4/getUpdates "HTTP/1.1 200 OK"
2025-12-06 02:25:46,893 - httpx - INFO - HTTP Request: POST https://api.telegram.org/bot8226423828:AAHdN5vyMsVNjuzu0qe-H67UvT54W_ZIAS4/getUpdates "HTTP/1.1 200 OK"
2025-12-06 02:25:55,212 - httpx - INFO - HTTP Request: POST https://api.telegram.org/bot8226423828:AAHdN5vyMsVNjuzu0qe-H67UvT54W_ZIAS4/getUpdates "HTTP/1.1 200 OK"
2025-12-06 02:25:55,214 - telegram.ext.Application - INFO - Application is stopping. This might take a moment.
2025-12-06 02:25:55,216 - telegram.ext.Application - INFO - Application.stop() complete
