2025-12-06 15:44:42,234 - utils - WARNING - No se pudo configurar locale, usando formato por defecto
2025-12-06 15:44:42,235 - auth_system - INFO - Cargados 0 usuarios autorizados desde users.json
2025-12-06 15:44:42,236 - auth_system - INFO - Cargados 0 usuarios autorizados desde users.json
2025-12-06 15:44:42,236 - auth_system - INFO - Grupos hardcodeados agregados: [-1003349066708]
2025-12-06 15:44:42,236 - auth_system - INFO - Cargados 1 grupos adicionales desde groups.json. Total: 1 grupos
2025-12-06 15:44:42,236 - auth_system - INFO - Cargado gratis_mode=True desde settings.json
2025-12-06 15:44:42,236 - auth_system - INFO - Usuarios autorizados guardados en users.json
2025-12-06 15:44:42,236 - auth_system - INFO - Grupos autorizados guardados en groups.json
2025-12-06 15:44:42,241 - auth_system - INFO - Configuraciones guardadas en settings.json
2025-12-06 15:44:42,244 - auth_system - INFO - Usuarios autorizados guardados en users.json
2025-12-06 15:44:42,251 - auth_system - INFO - Grupos autorizados guardados en groups.json
2025-12-06 15:44:42,254 - auth_system - INFO - Configuraciones guardadas en settings.json
2025-12-06 15:44:42,254 - auth_system - INFO - Grupo -1003349066708 agregado a lista permitida
2025-12-06 15:44:42,254 - auth_system - INFO - Grupos hardcodeados agregados: [-1003349066708]
2025-12-06 15:44:42,255 - auth_system - INFO - Cargados 1 grupos adicionales desde groups.json. Total: 1 grupos
2025-12-06 15:44:42,255 - auth_system - INFO - Cargado gratis_mode=True desde settings.json
2025-12-06 15:44:42,255 - auth_system - INFO - Usuarios autorizados guardados en users.json
2025-12-06 15:44:42,258 - auth_system - INFO - Grupos autorizados guardados en groups.json
2025-12-06 15:44:42,259 - auth_system - INFO - Configuraciones guardadas en settings.json
2025-12-06 15:44:42,263 - auth_system - INFO - Usuarios autorizados guardados en users.json
2025-12-06 15:44:42,267 - auth_system - INFO - Grupos autorizados guardados en groups.json
2025-12-06 15:44:42,269 - auth_system - INFO - Configuraciones guardadas en settings.json
2025-12-06 15:44:42,269 - auth_system - INFO - Grupo -1003349066708 agregado a lista permitida
2025-12-06 15:44:42,269 - __main__ - INFO - Inicializando la aplicación del bot...
2025-12-06 15:44:42,354 - __main__ - INFO - Iniciando el polling del bot...
2025-12-06 15:44:42,940 - httpx - INFO - HTTP Request: POST https://api.telegram.org/bot8226423828:AAHdN5vyMsVNjuzu0qe-H67UvT54W_ZIAS4/getMe "HTTP/1.1 200 OK"
2025-12-06 15:44:43,098 - httpx - INFO - HTTP Request: POST https://api.telegram.org/bot8226423828:AAHdN5vyMsVNjuzu0qe-H67UvT54W_ZIAS4/deleteWebhook "HTTP/1.1 200 OK"
2025-12-06 15:44:43,100 - telegram.ext.Application - INFO - Application started
2025-12-06 15:44:48,776 - httpx - INFO - HTTP Request: POST https://api.telegram.org/bot8226423828:AAHdN5vyMsVNjuzu0qe-H67UvT54W_ZIAS4/getUpdates "HTTP/1.1 200 OK"
2025-12-06 15:44:48,778 - auth_system - INFO - Verificando acceso para user_id: 8058901135, chat_id: 8058901135, is_private: True
2025-12-06 15:44:48,778 - auth_system - INFO - Verificando si user_id 8058901135 es admin: True
2025-12-06 15:44:48,778 - auth_system - INFO - Acceso permitido para user_id 8058901135 porque es administrador
2025-12-06 15:44:49,540 - httpx - INFO - HTTP Request: POST https://api.telegram.org/bot8226423828:AAHdN5vyMsVNjuzu0qe-H67UvT54W_ZIAS4/sendMessage "HTTP/1.1 200 OK"
2025-12-06 15:44:58,416 - httpx - INFO - HTTP Request: POST https://api.telegram.org/bot8226423828:AAHdN5vyMsVNjuzu0qe-H67UvT54W_ZIAS4/getUpdates "HTTP/1.1 200 OK"
2025-12-06 15:44:58,418 - auth_system - INFO - Verificando acceso para user_id: 8058901135, chat_id: 8058901135, is_private: True
2025-12-06 15:44:58,418 - auth_system - INFO - Verificando si user_id 8058901135 es admin: True
2025-12-06 15:44:58,418 - auth_system - INFO - Acceso permitido para user_id 8058901135 porque es administrador
2025-12-06 15:44:59,034 - httpx - INFO - HTTP Request: POST https://api.telegram.org/bot8226423828:AAHdN5vyMsVNjuzu0qe-H67UvT54W_ZIAS4/getChatMember "HTTP/1.1 200 OK"
2025-12-06 15:44:59,400 - httpx - INFO - HTTP Request: POST https://api.telegram.org/bot8226423828:AAHdN5vyMsVNjuzu0qe-H67UvT54W_ZIAS4/sendMessage "HTTP/1.1 200 OK"
2025-12-06 15:45:02,759 - httpx - INFO - HTTP Request: POST https://api.telegram.org/bot8226423828:AAHdN5vyMsVNjuzu0qe-H67UvT54W_ZIAS4/getUpdates "HTTP/1.1 200 OK"
2025-12-06 15:45:02,759 - auth_system - INFO - Verificando acceso para user_id: 8058901135, chat_id: 8058901135, is_private: True
2025-12-06 15:45:02,759 - auth_system - INFO - Verificando si user_id 8058901135 es admin: True
2025-12-06 15:45:02,759 - auth_system - INFO - Acceso permitido para user_id 8058901135 porque es administrador
2025-12-06 15:45:02,995 - httpx - INFO - HTTP Request: POST https://api.telegram.org/bot8226423828:AAHdN5vyMsVNjuzu0qe-H67UvT54W_ZIAS4/getChatMember "HTTP/1.1 200 OK"
2025-12-06 15:45:03,351 - httpx - INFO - HTTP Request: POST https://api.telegram.org/bot8226423828:AAHdN5vyMsVNjuzu0qe-H67UvT54W_ZIAS4/sendMessage "HTTP/1.1 200 OK"
2025-12-06 15:45:06,264 - httpx - INFO - HTTP Request: POST https://api.telegram.org/bot8226423828:AAHdN5vyMsVNjuzu0qe-H67UvT54W_ZIAS4/getUpdates "HTTP/1.1 200 OK"
2025-12-06 15:45:06,265 - auth_system - INFO - Verificando acceso para user_id: 8058901135, chat_id: 8058901135, is_private: True
2025-12-06 15:45:06,265 - auth_system - INFO - Verificando si user_id 8058901135 es admin: True
2025-12-06 15:45:06,265 - auth_system - INFO - Acceso permitido para user_id 8058901135 porque es administrador
2025-12-06 15:45:06,421 - httpx - INFO - HTTP Request: POST https://api.telegram.org/bot8226423828:AAHdN5vyMsVNjuzu0qe-H67UvT54W_ZIAS4/getChatMember "HTTP/1.1 200 OK"
2025-12-06 15:45:06,764 - httpx - INFO - HTTP Request: POST https://api.telegram.org/bot8226423828:AAHdN5vyMsVNjuzu0qe-H67UvT54W_ZIAS4/sendMessage "HTTP/1.1 200 OK"
2025-12-06 15:45:09,307 - httpx - INFO - HTTP Request: POST https://api.telegram.org/bot8226423828:AAHdN5vyMsVNjuzu0qe-H67UvT54W_ZIAS4/getUpdates "HTTP/1.1 200 OK"
2025-12-06 15:45:09,307 - auth_system - INFO - Verificando acceso para user_id: 8058901135, chat_id: 8058901135, is_private: True
2025-12-06 15:45:09,308 - auth_system - INFO - Verificando si user_id 8058901135 es admin: True
2025-12-06 15:45:09,308 - auth_system - INFO - Acceso permitido para user_id 8058901135 porque es administrador
2025-12-06 15:45:09,587 - httpx - INFO - HTTP Request: POST https://api.telegram.org/bot8226423828:AAHdN5vyMsVNjuzu0qe-H67UvT54W_ZIAS4/getChatMember "HTTP/1.1 200 OK"
2025-12-06 15:45:09,893 - httpx - INFO - HTTP Request: POST https://api.telegram.org/bot8226423828:AAHdN5vyMsVNjuzu0qe-H67UvT54W_ZIAS4/sendMessage "HTTP/1.1 200 OK"
2025-12-06 15:45:19,064 - httpx - INFO - HTTP Request: POST https://api.telegram.org/bot8226423828:AAHdN5vyMsVNjuzu0qe-H67UvT54W_ZIAS4/getUpdates "HTTP/1.1 200 OK"
2025-12-06 15:45:19,065 - auth_system - INFO - Verificando acceso para user_id: 8058901135, chat_id: 8058901135, is_private: True
2025-12-06 15:45:19,065 - auth_system - INFO - Verificando si user_id 8058901135 es admin: True
2025-12-06 15:45:19,065 - auth_system - INFO - Acceso permitido para user_id 8058901135 porque es administrador
2025-12-06 15:45:19,565 - httpx - INFO - HTTP Request: POST https://api.telegram.org/bot8226423828:AAHdN5vyMsVNjuzu0qe-H67UvT54W_ZIAS4/getChatMember "HTTP/1.1 200 OK"
2025-12-06 15:45:19,902 - httpx - INFO - HTTP Request: POST https://api.telegram.org/bot8226423828:AAHdN5vyMsVNjuzu0qe-H67UvT54W_ZIAS4/sendMessage "HTTP/1.1 200 OK"
2025-12-06 15:45:21,610 - httpx - INFO - HTTP Request: POST https://api.telegram.org/bot8226423828:AAHdN5vyMsVNjuzu0qe-H67UvT54W_ZIAS4/getUpdates "HTTP/1.1 200 OK"
2025-12-06 15:45:21,610 - auth_system - INFO - Verificando acceso para user_id: 8058901135, chat_id: 8058901135, is_private: True
2025-12-06 15:45:21,611 - auth_system - INFO - Verificando si user_id 8058901135 es admin: True
2025-12-06 15:45:21,611 - auth_system - INFO - Acceso permitido para user_id 8058901135 porque es administrador
2025-12-06 15:45:21,774 - httpx - INFO - HTTP Request: POST https://api.telegram.org/bot8226423828:AAHdN5vyMsVNjuzu0qe-H67UvT54W_ZIAS4/getChatMember "HTTP/1.1 200 OK"
2025-12-06 15:45:22,103 - utils - INFO - [DEBUG] fecha completa → 06 de diciembre de 2025 a las 03:45 p.m.
2025-12-06 15:45:22,103 - utils - INFO - [DEBUG] longitud → 40
2025-12-06 15:45:22,105 - utils - INFO - [DEBUG] Dibujando campo nombre: 'Kil***' en posición (44, 560) con color #2e2b33
2025-12-06 15:45:22,108 - utils - INFO - [DEBUG] Dibujando campo llave: '@kiloas' en posición (44, 635) con color #2e2b33
2025-12-06 15:45:22,112 - utils - INFO - [DEBUG] Dibujando campo banco_destino: 'Nequi' en posición (45, 705) con color #2e2b33
2025-12-06 15:45:22,114 - utils - INFO - [DEBUG] Dibujando campo numero_envio: '322 694 8500' en posición (45, 1000) con color #2e2b33
2025-12-06 15:45:22,120 - utils - INFO - [DEBUG] Dibujando campo valor1: '$ 300.000,00' en posición (45, 855) con color #2e2b33
2025-12-06 15:45:22,125 - utils - INFO - [DEBUG] Dibujando campo fecha: '06 de diciembre de 2025 a las 03:45 p.m.' en posición (45, 780) con color #2e2b33
2025-12-06 15:45:22,141 - utils - INFO - [DEBUG] Dibujando campo referencia: 'M25622099' en posición (45, 925) con color #2e2b33
2025-12-06 15:45:22,146 - utils - INFO - [DEBUG] Dibujando campo disponible: 'Disponible' en posición (45, 1070) con color #2e2b33
2025-12-06 15:45:22,151 - utils - INFO - [DEBUG] Guardando imagen: gen_fc0dd212c58547639c043f4124b0c1f9.png, Dimensiones: (2316, 5120)
2025-12-06 15:45:22,151 - utils - INFO - [DEBUG] Reduciendo imagen de (2316, 5120) a (868, 1920)
2025-12-06 15:45:22,281 - utils - INFO - [DEBUG] Imagen guardada como JPEG: gen_fc0dd212c58547639c043f4124b0c1f9.jpg, Tamaño: 0.19 MB
2025-12-06 15:45:22,287 - __main__ - INFO - Enviando documento: gen_fc0dd212c58547639c043f4124b0c1f9.jpg, Tamaño: 0.19 MB
2025-12-06 15:45:23,837 - httpx - INFO - HTTP Request: POST https://api.telegram.org/bot8226423828:AAHdN5vyMsVNjuzu0qe-H67UvT54W_ZIAS4/sendDocument "HTTP/1.1 200 OK"
2025-12-06 15:45:23,838 - __main__ - INFO - Documento enviado exitosamente: gen_fc0dd212c58547639c043f4124b0c1f9.jpg
2025-12-06 15:45:23,842 - utils - INFO - [DEBUG] Generando movimiento - Template: img/comprobante_movimiento3.jpg, Valor: -300000, Nombre: KILOAS
2025-12-06 15:45:23,850 - utils - INFO - [DEBUG] Movimiento dibujado correctamente - Nombre: KILOAS
2025-12-06 15:45:23,850 - utils - INFO - [DEBUG] Guardando imagen: gen_c651f0e7225244248ac452a72471487c.png, Dimensiones: (613, 1280)
2025-12-06 15:45:23,865 - utils - INFO - [DEBUG] Imagen guardada como PNG: gen_c651f0e7225244248ac452a72471487c.png, Tamaño: 0.12 MB
2025-12-06 15:45:23,865 - __main__ - INFO - Enviando documento: gen_c651f0e7225244248ac452a72471487c.png, Tamaño: 0.12 MB
2025-12-06 15:45:24,971 - httpx - INFO - HTTP Request: POST https://api.telegram.org/bot8226423828:AAHdN5vyMsVNjuzu0qe-H67UvT54W_ZIAS4/sendDocument "HTTP/1.1 200 OK"
2025-12-06 15:45:24,972 - __main__ - INFO - Documento enviado exitosamente: gen_c651f0e7225244248ac452a72471487c.png
2025-12-06 15:45:31,890 - httpx - INFO - HTTP Request: POST https://api.telegram.org/bot8226423828:AAHdN5vyMsVNjuzu0qe-H67UvT54W_ZIAS4/getUpdates "HTTP/1.1 200 OK"
2025-12-06 15:45:42,047 - httpx - INFO - HTTP Request: POST https://api.telegram.org/bot8226423828:AAHdN5vyMsVNjuzu0qe-H67UvT54W_ZIAS4/getUpdates "HTTP/1.1 200 OK"
2025-12-06 15:45:52,210 - httpx - INFO - HTTP Request: POST https://api.telegram.org/bot8226423828:AAHdN5vyMsVNjuzu0qe-H67UvT54W_ZIAS4/getUpdates "HTTP/1.1 200 OK"
2025-12-06 15:46:02,375 - httpx - INFO - HTTP Request: POST https://api.telegram.org/bot8226423828:AAHdN5vyMsVNjuzu0qe-H67UvT54W_ZIAS4/getUpdates "HTTP/1.1 200 OK"
2025-12-06 15:46:12,532 - httpx - INFO - HTTP Request: POST https://api.telegram.org/bot8226423828:AAHdN5vyMsVNjuzu0qe-H67UvT54W_ZIAS4/getUpdates "HTTP/1.1 200 OK"
2025-12-06 15:46:22,802 - httpx - INFO - HTTP Request: POST https://api.telegram.org/bot8226423828:AAHdN5vyMsVNjuzu0qe-H67UvT54W_ZIAS4/getUpdates "HTTP/1.1 200 OK"
2025-12-06 15:46:33,028 - httpx - INFO - HTTP Request: POST https://api.telegram.org/bot8226423828:AAHdN5vyMsVNjuzu0qe-H67UvT54W_ZIAS4/getUpdates "HTTP/1.1 200 OK"
2025-12-06 15:46:43,268 - httpx - INFO - HTTP Request: POST https://api.telegram.org/bot8226423828:AAHdN5vyMsVNjuzu0qe-H67UvT54W_ZIAS4/getUpdates "HTTP/1.1 200 OK"
2025-12-06 15:46:53,446 - httpx - INFO - HTTP Request: POST https://api.telegram.org/bot8226423828:AAHdN5vyMsVNjuzu0qe-H67UvT54W_ZIAS4/getUpdates "HTTP/1.1 200 OK"
2025-12-06 15:47:03,636 - httpx - INFO - HTTP Request: POST https://api.telegram.org/bot8226423828:AAHdN5vyMsVNjuzu0qe-H67UvT54W_ZIAS4/getUpdates "HTTP/1.1 200 OK"
2025-12-06 15:47:13,860 - httpx - INFO - HTTP Request: POST https://api.telegram.org/bot8226423828:AAHdN5vyMsVNjuzu0qe-H67UvT54W_ZIAS4/getUpdates "HTTP/1.1 200 OK"
2025-12-06 15:47:24,452 - httpx - INFO - HTTP Request: POST https://api.telegram.org/bot8226423828:AAHdN5vyMsVNjuzu0qe-H67UvT54W_ZIAS4/getUpdates "HTTP/1.1 200 OK"
2025-12-06 15:47:34,608 - httpx - INFO - HTTP Request: POST https://api.telegram.org/bot8226423828:AAHdN5vyMsVNjuzu0qe-H67UvT54W_ZIAS4/getUpdates "HTTP/1.1 200 OK"
2025-12-06 15:47:44,899 - httpx - INFO - HTTP Request: POST https://api.telegram.org/bot8226423828:AAHdN5vyMsVNjuzu0qe-H67UvT54W_ZIAS4/getUpdates "HTTP/1.1 200 OK"
2025-12-06 15:47:55,152 - httpx - INFO - HTTP Request: POST https://api.telegram.org/bot8226423828:AAHdN5vyMsVNjuzu0qe-H67UvT54W_ZIAS4/getUpdates "HTTP/1.1 200 OK"
2025-12-06 15:48:05,398 - httpx - INFO - HTTP Request: POST https://api.telegram.org/bot8226423828:AAHdN5vyMsVNjuzu0qe-H67UvT54W_ZIAS4/getUpdates "HTTP/1.1 200 OK"
2025-12-06 15:48:15,800 - httpx - INFO - HTTP Request: POST https://api.telegram.org/bot8226423828:AAHdN5vyMsVNjuzu0qe-H67UvT54W_ZIAS4/getUpdates "HTTP/1.1 200 OK"
2025-12-06 15:48:26,591 - httpx - INFO - HTTP Request: POST https://api.telegram.org/bot8226423828:AAHdN5vyMsVNjuzu0qe-H67UvT54W_ZIAS4/getUpdates "HTTP/1.1 200 OK"
2025-12-06 15:48:36,747 - httpx - INFO - HTTP Request: POST https://api.telegram.org/bot8226423828:AAHdN5vyMsVNjuzu0qe-H67UvT54W_ZIAS4/getUpdates "HTTP/1.1 200 OK"
2025-12-06 15:48:46,933 - httpx - INFO - HTTP Request: POST https://api.telegram.org/bot8226423828:AAHdN5vyMsVNjuzu0qe-H67UvT54W_ZIAS4/getUpdates "HTTP/1.1 200 OK"
2025-12-06 15:48:57,115 - httpx - INFO - HTTP Request: POST https://api.telegram.org/bot8226423828:AAHdN5vyMsVNjuzu0qe-H67UvT54W_ZIAS4/getUpdates "HTTP/1.1 200 OK"
2025-12-06 15:49:07,552 - httpx - INFO - HTTP Request: POST https://api.telegram.org/bot8226423828:AAHdN5vyMsVNjuzu0qe-H67UvT54W_ZIAS4/getUpdates "HTTP/1.1 200 OK"
2025-12-06 15:49:17,713 - httpx - INFO - HTTP Request: POST https://api.telegram.org/bot8226423828:AAHdN5vyMsVNjuzu0qe-H67UvT54W_ZIAS4/getUpdates "HTTP/1.1 200 OK"
2025-12-06 15:49:27,930 - httpx - INFO - HTTP Request: POST https://api.telegram.org/bot8226423828:AAHdN5vyMsVNjuzu0qe-H67UvT54W_ZIAS4/getUpdates "HTTP/1.1 200 OK"
2025-12-06 15:49:38,168 - httpx - INFO - HTTP Request: POST https://api.telegram.org/bot8226423828:AAHdN5vyMsVNjuzu0qe-H67UvT54W_ZIAS4/getUpdates "HTTP/1.1 200 OK"
2025-12-06 15:49:39,584 - httpx - INFO - HTTP Request: POST https://api.telegram.org/bot8226423828:AAHdN5vyMsVNjuzu0qe-H67UvT54W_ZIAS4/getUpdates "HTTP/1.1 200 OK"
2025-12-06 15:49:39,585 - auth_system - INFO - Verificando acceso para user_id: 7999274267, chat_id: -1003349066708, is_private: False
2025-12-06 15:49:39,585 - auth_system - INFO - Verificando si user_id 7999274267 es admin: False
2025-12-06 15:49:39,585 - auth_system - INFO - Acceso permitido para user_id 7999274267 porque gratis_mode está activo
2025-12-06 15:49:40,608 - httpx - INFO - HTTP Request: POST https://api.telegram.org/bot8226423828:AAHdN5vyMsVNjuzu0qe-H67UvT54W_ZIAS4/sendMessage "HTTP/1.1 200 OK"
2025-12-06 15:49:46,062 - httpx - INFO - HTTP Request: POST https://api.telegram.org/bot8226423828:AAHdN5vyMsVNjuzu0qe-H67UvT54W_ZIAS4/getUpdates "HTTP/1.1 200 OK"
2025-12-06 15:49:46,799 - httpx - INFO - HTTP Request: POST https://api.telegram.org/bot8226423828:AAHdN5vyMsVNjuzu0qe-H67UvT54W_ZIAS4/sendMessage "HTTP/1.1 200 OK"
2025-12-06 15:49:56,323 - httpx - INFO - HTTP Request: POST https://api.telegram.org/bot8226423828:AAHdN5vyMsVNjuzu0qe-H67UvT54W_ZIAS4/getUpdates "HTTP/1.1 200 OK"
2025-12-06 15:50:05,927 - httpx - INFO - HTTP Request: POST https://api.telegram.org/bot8226423828:AAHdN5vyMsVNjuzu0qe-H67UvT54W_ZIAS4/getUpdates "HTTP/1.1 200 OK"
2025-12-06 15:50:05,930 - auth_system - INFO - Verificando acceso para user_id: 7999274267, chat_id: -1003349066708, is_private: False
2025-12-06 15:50:05,930 - auth_system - INFO - Verificando si user_id 7999274267 es admin: False
2025-12-06 15:50:05,930 - auth_system - INFO - Acceso permitido para user_id 7999274267 porque gratis_mode está activo
2025-12-06 15:50:06,700 - httpx - INFO - HTTP Request: POST https://api.telegram.org/bot8226423828:AAHdN5vyMsVNjuzu0qe-H67UvT54W_ZIAS4/sendMessage "HTTP/1.1 200 OK"
2025-12-06 15:50:09,053 - httpx - INFO - HTTP Request: POST https://api.telegram.org/bot8226423828:AAHdN5vyMsVNjuzu0qe-H67UvT54W_ZIAS4/getUpdates "HTTP/1.1 200 OK"
2025-12-06 15:50:09,055 - auth_system - INFO - Verificando acceso para user_id: 7999274267, chat_id: -1003349066708, is_private: False
2025-12-06 15:50:09,055 - auth_system - INFO - Verificando si user_id 7999274267 es admin: False
2025-12-06 15:50:09,055 - auth_system - INFO - Acceso permitido para user_id 7999274267 porque gratis_mode está activo
2025-12-06 15:50:09,396 - httpx - INFO - HTTP Request: POST https://api.telegram.org/bot8226423828:AAHdN5vyMsVNjuzu0qe-H67UvT54W_ZIAS4/getChatMember "HTTP/1.1 200 OK"
2025-12-06 15:50:10,146 - httpx - INFO - HTTP Request: POST https://api.telegram.org/bot8226423828:AAHdN5vyMsVNjuzu0qe-H67UvT54W_ZIAS4/sendMessage "HTTP/1.1 200 OK"
2025-12-06 15:50:19,237 - httpx - INFO - HTTP Request: POST https://api.telegram.org/bot8226423828:AAHdN5vyMsVNjuzu0qe-H67UvT54W_ZIAS4/getUpdates "HTTP/1.1 200 OK"
2025-12-06 15:50:26,950 - httpx - INFO - HTTP Request: POST https://api.telegram.org/bot8226423828:AAHdN5vyMsVNjuzu0qe-H67UvT54W_ZIAS4/getUpdates "HTTP/1.1 200 OK"
2025-12-06 15:50:26,951 - auth_system - INFO - Verificando acceso para user_id: 7999274267, chat_id: -1003349066708, is_private: False
2025-12-06 15:50:26,951 - auth_system - INFO - Verificando si user_id 7999274267 es admin: False
2025-12-06 15:50:26,951 - auth_system - INFO - Acceso permitido para user_id 7999274267 porque gratis_mode está activo
2025-12-06 15:50:27,466 - httpx - INFO - HTTP Request: POST https://api.telegram.org/bot8226423828:AAHdN5vyMsVNjuzu0qe-H67UvT54W_ZIAS4/getChatMember "HTTP/1.1 200 OK"
2025-12-06 15:50:27,973 - httpx - INFO - HTTP Request: POST https://api.telegram.org/bot8226423828:AAHdN5vyMsVNjuzu0qe-H67UvT54W_ZIAS4/sendMessage "HTTP/1.1 200 OK"
2025-12-06 15:50:37,109 - httpx - INFO - HTTP Request: POST https://api.telegram.org/bot8226423828:AAHdN5vyMsVNjuzu0qe-H67UvT54W_ZIAS4/getUpdates "HTTP/1.1 200 OK"
2025-12-06 15:50:38,451 - httpx - INFO - HTTP Request: POST https://api.telegram.org/bot8226423828:AAHdN5vyMsVNjuzu0qe-H67UvT54W_ZIAS4/getUpdates "HTTP/1.1 200 OK"
2025-12-06 15:50:38,452 - auth_system - INFO - Verificando acceso para user_id: 7999274267, chat_id: -1003349066708, is_private: False
2025-12-06 15:50:38,452 - auth_system - INFO - Verificando si user_id 7999274267 es admin: False
2025-12-06 15:50:38,452 - auth_system - INFO - Acceso permitido para user_id 7999274267 porque gratis_mode está activo
2025-12-06 15:50:39,238 - httpx - INFO - HTTP Request: POST https://api.telegram.org/bot8226423828:AAHdN5vyMsVNjuzu0qe-H67UvT54W_ZIAS4/getChatMember "HTTP/1.1 200 OK"
2025-12-06 15:50:39,697 - httpx - INFO - HTTP Request: POST https://api.telegram.org/bot8226423828:AAHdN5vyMsVNjuzu0qe-H67UvT54W_ZIAS4/sendMessage "HTTP/1.1 200 OK"
2025-12-06 15:50:48,316 - httpx - INFO - HTTP Request: POST https://api.telegram.org/bot8226423828:AAHdN5vyMsVNjuzu0qe-H67UvT54W_ZIAS4/getUpdates "HTTP/1.1 200 OK"
2025-12-06 15:50:48,316 - auth_system - INFO - Verificando acceso para user_id: 7999274267, chat_id: -1003349066708, is_private: False
2025-12-06 15:50:48,317 - auth_system - INFO - Verificando si user_id 7999274267 es admin: False
2025-12-06 15:50:48,317 - auth_system - INFO - Acceso permitido para user_id 7999274267 porque gratis_mode está activo
2025-12-06 15:50:48,898 - httpx - INFO - HTTP Request: POST https://api.telegram.org/bot8226423828:AAHdN5vyMsVNjuzu0qe-H67UvT54W_ZIAS4/getChatMember "HTTP/1.1 200 OK"
2025-12-06 15:50:48,966 - utils - INFO - Comprobante DaviPlata generado: 0450009202 - $109,500
2025-12-06 15:50:48,966 - __main__ - INFO - Enviando documento: gen_7ff49f011f3a4bcebec2bb5ed3d8e8b8.png, Tamaño: 0.20 MB
2025-12-06 15:50:50,715 - httpx - INFO - HTTP Request: POST https://api.telegram.org/bot8226423828:AAHdN5vyMsVNjuzu0qe-H67UvT54W_ZIAS4/sendDocument "HTTP/1.1 200 OK"
2025-12-06 15:50:50,717 - __main__ - INFO - Documento enviado exitosamente: gen_7ff49f011f3a4bcebec2bb5ed3d8e8b8.png
2025-12-06 15:50:57,511 - httpx - INFO - HTTP Request: POST https://api.telegram.org/bot8226423828:AAHdN5vyMsVNjuzu0qe-H67UvT54W_ZIAS4/getUpdates "HTTP/1.1 200 OK"
2025-12-06 15:50:57,513 - telegram.ext.Application - INFO - Application is stopping. This might take a moment.
2025-12-06 15:50:57,514 - telegram.ext.Application - INFO - Application.stop() complete
